<?xml version="1.0" encoding="UTF-8"?>
<!-- Generated by org.testng.reporters.JUnitXMLReporter -->
<testsuite ignored="0" hostname="LAPTOP-VVD5UK0I" failures="1" tests="1" name="sample test" time="3.202" errors="0" timestamp="2023-02-12T22:24:48 ICT">
  <testcase classname="com.tester.base.BaseSetup" name="@AfterClass tearDown" time="2.006">
    <failure type="java.lang.NullPointerException" message="Cannot invoke &amp;quot;org.openqa.selenium.WebDriver.quit()&amp;quot; because &amp;quot;this.driver&amp;quot; is null">
      <![CDATA[java.lang.NullPointerException: Cannot invoke "org.openqa.selenium.WebDriver.quit()" because "this.driver" is null
at com.tester.base.BaseSetup.tearDown(BaseSetup.java:76)
at java.base/java.util.ArrayList.forEach(ArrayList.java:1511)
... Removed 25 stack frames]]>
    </failure>
  </testcase> <!-- @AfterClass tearDown -->
  <testcase classname="com.tester.testcase.SignInTest" name="signIn" time="0.007">
    <failure type="java.lang.NullPointerException" message="Cannot invoke &amp;quot;org.openqa.selenium.WebDriver.getTitle()&amp;quot; because &amp;quot;this.driver&amp;quot; is null">
      <![CDATA[java.lang.NullPointerException: Cannot invoke "org.openqa.selenium.WebDriver.getTitle()" because "this.driver" is null
at com.tester.pages.SignInPage.getSignInPageTitle(SignInPage.java:36)
at com.tester.pages.SignInPage.verifySignInPageTitle(SignInPage.java:42)
at com.tester.testcase.SignInTest.signIn(SignInTest.java:26)
at java.base/java.util.ArrayList.forEach(ArrayList.java:1511)
... Removed 27 stack frames]]>
    </failure>
  </testcase> <!-- signIn -->
</testsuite> <!-- sample test -->
